---------------------------------------
Begin Slurm Prolog: Apr-19-2024 22:12:57
Job ID:    601078
User ID:   akim466
Account:   coc
Job name:  algae_gpu_1
Partition: coc-gpu
---------------------------------------


                            MrBayes 3.2.7 x86_64

                      (Bayesian Analysis of Phylogeny)

                             (Parallel version)
                         (1 processors available)

              Distributed under the GNU General Public License


               Type "help" or "help <command>" for information
                     on the commands that are available.

                   Type "about" for authorship and general
                       information about the program.



   Executing file "../nexus_files/Lindsey_et_al_2021_volvocine_algae_dataset_gpu.nexus"
   UNIX line termination
   Longest line length = 12663
   Parsing file
   Expecting NEXUS formatted file
   Reading data block
      Allocated taxon set
      Allocated matrix
      Defining new matrix with 68 taxa and 12650 characters
      Data is Protein
      Gaps coded as -
      Missing data coded as ?
      Taxon  1 -> ChvaNC64A
      Taxon  2 -> VcnaHK10
      Taxon  3 -> VineS11_10
      Taxon  4 -> ChmS11_16f
      Taxon  5 -> ChscS2486
      Taxon  6 -> ChreCC503
      Taxon  7 -> ChglS81_72
      Taxon  8 -> ViauN878
      Taxon  9 -> ViauS80_81
      Taxon 10 -> ChdS11_55a
      Taxon 11 -> VogS199_80
      Taxon 12 -> VobaN730
      Taxon 13 -> VokiN543
      Taxon 14 -> VofeN3986
      Taxon 15 -> AspeN564
      Taxon 16 -> AsguN418
      Taxon 17 -> PamoF2362
      Taxon 18 -> PamoN890
      Taxon 19 -> VostS90_1
      Taxon 20 -> VocoN582
      Taxon 21 -> VocoF2337
      Taxon 22 -> VoprN895
      Taxon 23 -> VoboN893
      Taxon 24 -> PacoF2361
      Taxon 25 -> PacoN572
      Taxon 26 -> TesoN571
      Taxon 27 -> BasaN566
      Taxon 28 -> ViorN882
      Taxon 29 -> YaunF2364
      Taxon 30 -> PlcaN728
      Taxon 31 -> CochF2326
      Taxon 32 -> CochN3383
      Taxon 33 -> GopeN2863
      Taxon 34 -> ChdeS70_81
      Taxon 35 -> GoocN851
      Taxon 36 -> GomuN737
      Taxon 37 -> GoquN653
      Taxon 38 -> GoviN654
      Taxon 39 -> VoauN541
      Taxon 40 -> PlthN4126
      Taxon 41 -> EuelN720
      Taxon 42 -> EuelN719
      Taxon 43 -> PljaU2523
      Taxon 44 -> EumiN856
      Taxon 45 -> EuelN456
      Taxon 46 -> VoteN544
      Taxon 47 -> VoovN2569
      Taxon 48 -> VodiN4128
      Taxon 49 -> VoobN868
      Taxon 50 -> VcweN866
      Taxon 51 -> VckaN732
      Taxon 52 -> VcnaN865
      Taxon 53 -> EuunS24_1c
      Taxon 54 -> EupeN725
      Taxon 55 -> EucyF2322
      Taxon 56 -> EuilN460
      Taxon 57 -> EuelN717
      Taxon 58 -> EucyN722
      Taxon 59 -> PlstN1362
      Taxon 60 -> PlstN1363
      Taxon 61 -> PlinN736
      Taxon 62 -> EuelN568
      Taxon 63 -> EuelN458
      Taxon 64 -> VopoN4127
      Taxon 65 -> VogiN867
      Taxon 66 -> VoafN863
      Taxon 67 -> EuelF2321
      Taxon 68 -> CoanF2363
      Successfully read matrix
      Setting default partition (does not divide up characters)
      Setting model defaults
      Seed (for generating default start values) = 1713579178
      Setting output file names to "../nexus_files/Lindsey_et_al_2021_volvocine_algae_dataset_gpu.nexus.run<i>.<p|t>"
   Exiting data block
   Reading mrbayes block
      Setting autoclose to yes
      Setting nowarnings to yes
      Setting usebeagle to yes
      Setting beagledevice to GPU
      Defining charset called 'gene001181'
      Defining charset called 'gene001650'
      Defining charset called 'gene001976'
      Defining charset called 'gene002177'
      Defining charset called 'gene002242'
      Defining charset called 'gene002252'
      Defining charset called 'gene002273'
      Defining charset called 'gene002313'
      Defining charset called 'gene002345'
      Defining charset called 'gene002356'
      Defining charset called 'gene002369'
      Defining charset called 'gene002371'
      Defining charset called 'gene002373'
      Defining charset called 'gene002381'
      Defining charset called 'gene002396'
      Defining charset called 'gene002447'
      Defining charset called 'gene002537'
      Defining charset called 'gene002538'
      Defining charset called 'gene002544'
      Defining charset called 'gene002581'
      Defining charset called 'gene002624'
      Defining charset called 'gene002640'
      Defining charset called 'gene002681'
      Defining charset called 'gene002762'
      Defining charset called 'gene002763'
      Defining charset called 'gene002810'
      Defining charset called 'gene002814'
      Defining charset called 'gene002888'
      Defining charset called 'gene002962'
      Defining charset called 'gene002986'
      Defining charset called 'gene003057'
      Defining charset called 'gene003095'
      Defining charset called 'gene003157'
      Defining charset called 'gene003199'
      Defining charset called 'gene003203'
      Defining charset called 'gene003211'
      Defining charset called 'gene003266'
      Defining charset called 'gene003755'
      Defining charset called 'gene003786'
      Defining charset called 'gene004274'
      Defining partition called 'lindseyetal'
      Setting lindseyetal as the partition, dividing characters into 40 parts.
      Setting model defaults
      Seed (for generating default start values) = 74009810
      Setting Aamodelpr to Fixed(LG) for partition 1
      Setting Aamodelpr to Fixed(LG) for partition 2
      Setting Aamodelpr to Fixed(LG) for partition 6
      Setting Aamodelpr to Fixed(LG) for partition 8
      Setting Aamodelpr to Fixed(LG) for partition 10
      Setting Aamodelpr to Fixed(LG) for partition 11
      Setting Aamodelpr to Fixed(LG) for partition 12
      Setting Aamodelpr to Fixed(LG) for partition 13
      Setting Aamodelpr to Fixed(LG) for partition 14
      Setting Aamodelpr to Fixed(LG) for partition 15
      Setting Aamodelpr to Fixed(LG) for partition 16
      Setting Aamodelpr to Fixed(LG) for partition 17
      Setting Aamodelpr to Fixed(LG) for partition 19
      Setting Aamodelpr to Fixed(LG) for partition 20
      Setting Aamodelpr to Fixed(LG) for partition 22
      Setting Aamodelpr to Fixed(LG) for partition 26
      Setting Aamodelpr to Fixed(LG) for partition 27
      Setting Aamodelpr to Fixed(LG) for partition 30
      Setting Aamodelpr to Fixed(LG) for partition 32
      Setting Aamodelpr to Fixed(LG) for partition 36
      Setting Aamodelpr to Fixed(LG) for partition 38
      Setting Aamodelpr to Fixed(LG) for partition 39
      Setting Aamodelpr to Fixed(LG) for partition 40
      Successfully set prior model parameters to
      partitions 1, 2, 6, 8, 10, 11, 12, 13, 14, 15, 16, 17, 19, 20, 22, 26, 27, 30, 32, 36, 38, 39, and 40 (if applicable)
      Setting Aamodelpr to Fixed(Jones) for partition 3
      Setting Aamodelpr to Fixed(Jones) for partition 4
      Setting Aamodelpr to Fixed(Jones) for partition 7
      Setting Aamodelpr to Fixed(Jones) for partition 9
      Setting Aamodelpr to Fixed(Jones) for partition 18
      Setting Aamodelpr to Fixed(Jones) for partition 21
      Setting Aamodelpr to Fixed(Jones) for partition 23
      Setting Aamodelpr to Fixed(Jones) for partition 24
      Setting Aamodelpr to Fixed(Jones) for partition 25
      Setting Aamodelpr to Fixed(Jones) for partition 28
      Setting Aamodelpr to Fixed(Jones) for partition 29
      Setting Aamodelpr to Fixed(Jones) for partition 31
      Setting Aamodelpr to Fixed(Jones) for partition 33
      Setting Aamodelpr to Fixed(Jones) for partition 34
      Setting Aamodelpr to Fixed(Jones) for partition 35
      Setting Aamodelpr to Fixed(Jones) for partition 37
      Successfully set prior model parameters to
      partitions 3, 4, 7, 9, 18, 21, 23, 24, 25, 28, 29, 31, 33, 34, 35, and 37 (if applicable)
      Setting Aamodelpr to Fixed(Dayhoff) for partition 5
      Successfully set prior model parameters to
      partition 5 (if applicable)
      Setting Rates to Invgamma for partition 1
      Setting Rates to Invgamma for partition 2
      Setting Rates to Invgamma for partition 3
      Setting Rates to Invgamma for partition 4
      Setting Rates to Invgamma for partition 6
      Setting Rates to Invgamma for partition 7
      Setting Rates to Invgamma for partition 8
      Setting Rates to Invgamma for partition 9
      Setting Rates to Invgamma for partition 11
      Setting Rates to Invgamma for partition 12
      Setting Rates to Invgamma for partition 13
      Setting Rates to Invgamma for partition 14
      Setting Rates to Invgamma for partition 15
      Setting Rates to Invgamma for partition 16
      Setting Rates to Invgamma for partition 19
      Setting Rates to Invgamma for partition 21
      Setting Rates to Invgamma for partition 22
      Setting Rates to Invgamma for partition 23
      Setting Rates to Invgamma for partition 26
      Setting Rates to Invgamma for partition 27
      Setting Rates to Invgamma for partition 28
      Setting Rates to Invgamma for partition 29
      Setting Rates to Invgamma for partition 30
      Setting Rates to Invgamma for partition 31
      Setting Rates to Invgamma for partition 33
      Setting Rates to Invgamma for partition 34
      Setting Rates to Invgamma for partition 35
      Setting Rates to Invgamma for partition 38
      Setting Rates to Invgamma for partition 39
      Setting Rates to Invgamma for partition 40
      Successfully set likelihood model parameters to
      partitions 1, 2, 3, 4, 6, 7, 8, 9, 11, 12, 13, 14, 15, 16, 19, 21, 22, 23, 26, 27, 28, 29, 30, 31, 33, 34, 35, 38, 39, and 40 (if applicable)
      Setting Rates to Gamma for partition 1
      Setting Rates to Gamma for partition 2
      Setting Rates to Gamma for partition 3
      Setting Rates to Gamma for partition 4
      Setting Rates to Gamma for partition 5
      Setting Rates to Gamma for partition 6
      Setting Rates to Gamma for partition 7
      Setting Rates to Gamma for partition 8
      Setting Rates to Gamma for partition 9
      Setting Rates to Gamma for partition 10
      Setting Rates to Gamma for partition 11
      Setting Rates to Gamma for partition 12
      Setting Rates to Gamma for partition 13
      Setting Rates to Gamma for partition 14
      Setting Rates to Gamma for partition 15
      Setting Rates to Gamma for partition 16
      Setting Rates to Gamma for partition 17
      Setting Rates to Gamma for partition 18
      Setting Rates to Gamma for partition 19
      Setting Rates to Gamma for partition 20
      Setting Rates to Gamma for partition 21
      Setting Rates to Gamma for partition 22
      Setting Rates to Gamma for partition 23
      Setting Rates to Gamma for partition 24
      Setting Rates to Gamma for partition 25
      Setting Rates to Gamma for partition 26
      Setting Rates to Gamma for partition 27
      Setting Rates to Gamma for partition 28
      Setting Rates to Gamma for partition 29
      Setting Rates to Gamma for partition 30
      Setting Rates to Gamma for partition 31
      Setting Rates to Gamma for partition 32
      Setting Rates to Gamma for partition 33
      Setting Rates to Gamma for partition 34
      Setting Rates to Gamma for partition 35
      Setting Rates to Gamma for partition 36
      Setting Rates to Gamma for partition 37
      Setting Rates to Gamma for partition 38
      Setting Rates to Gamma for partition 39
      Setting Rates to Gamma for partition 40
      Successfully set likelihood model parameters to all
         applicable data partitions 
      Setting Statefreqpr to Fixed(Empirical) for partition 1
      Setting Statefreqpr to Fixed(Empirical) for partition 2
      Setting Statefreqpr to Fixed(Empirical) for partition 9
      Setting Statefreqpr to Fixed(Empirical) for partition 10
      Setting Statefreqpr to Fixed(Empirical) for partition 12
      Setting Statefreqpr to Fixed(Empirical) for partition 18
      Setting Statefreqpr to Fixed(Empirical) for partition 19
      Setting Statefreqpr to Fixed(Empirical) for partition 20
      Setting Statefreqpr to Fixed(Empirical) for partition 25
      Setting Statefreqpr to Fixed(Empirical) for partition 27
      Setting Statefreqpr to Fixed(Empirical) for partition 30
      Setting Statefreqpr to Fixed(Empirical) for partition 36
      Setting Statefreqpr to Fixed(Empirical) for partition 38
      Setting Statefreqpr to Fixed(Empirical) for partition 39
      Successfully set prior model parameters to
      partitions 1, 2, 9, 10, 12, 18, 19, 20, 25, 27, 30, 36, 38, and 39 (if applicable)
      Setting number of generations to 1000000
      WARNING: Reallocation of zero size attempted. This is probably a bug. Problems may follow.
      WARNING: Reallocation of zero size attempted. This is probably a bug. Problems may follow.
      Setting number of runs to 4
      Setting burnin fraction to 0.25
      Setting chain output file names to "../nexus_files/Lindsey_et_al_2021_volvocine_algae_dataset_gpu.nexus.run<i>.<p/t>"
      Successfully set chain parameters
      Setting sample frequency to 1000
      Setting print frequency to 1000
      Setting number of chains to 4
      Setting 'Starttree' to "Random"
      Successfully set chain parameters
      Setting chain output file names to "mrbayes_40geneslindseyetal_out.run<i>.<p/t>"
      Successfully set chain parameters
      Running Markov chain
      MCMC stamp = 1880757573
      Seed = 764533432
      Swapseed = 1713579178
      Model settings:

         Settings for partition 1 --
            Datatype  = Protein
            Aamodel   = LG
                        Substitution rates are fixed to the LG rates
            Covarion  = No
            # States  = 20
                        State frequencies are fixed to the LG frequencies
            Rates     = Gamma
                        The distribution is approximated using 4 categories.
                        Shape parameter is exponentially
                        distributed with parameter (1.00).

         Settings for partition 2 --
            Datatype  = Protein
            Aamodel   = LG
                        Substitution rates are fixed to the LG rates
            Covarion  = No
            # States  = 20
                        State frequencies are fixed to the LG frequencies
            Rates     = Gamma
                        The distribution is approximated using 4 categories.
                        Shape parameter is exponentially
                        distributed with parameter (1.00).

         Settings for partition 3 --
            Datatype  = Protein
            Aamodel   = Jones
                        Substitution rates are fixed to the Jones rates
            Covarion  = No
            # States  = 20
                        State frequencies are fixed to the Jones frequencies
            Rates     = Gamma
                        The distribution is approximated using 4 categories.
                        Shape parameter is exponentially
                        distributed with parameter (1.00).

         Settings for partition 4 --
            Datatype  = Protein
            Aamodel   = Jones
                        Substitution rates are fixed to the Jones rates
            Covarion  = No
            # States  = 20
                        State frequencies are fixed to the Jones frequencies
            Rates     = Gamma
                        The distribution is approximated using 4 categories.
                        Shape parameter is exponentially
                        distributed with parameter (1.00).

         Settings for partition 5 --
            Datatype  = Protein
            Aamodel   = Dayhoff
                        Substitution rates are fixed to the Dayhoff rates
            Covarion  = No
            # States  = 20
                        State frequencies are fixed to the Dayhoff frequencies
            Rates     = Gamma
                        The distribution is approximated using 4 categories.
                        Shape parameter is exponentially
                        distributed with parameter (1.00).

         Settings for partition 6 --
            Datatype  = Protein
            Aamodel   = LG
                        Substitution rates are fixed to the LG rates
            Covarion  = No
            # States  = 20
                        State frequencies are fixed to the LG frequencies
            Rates     = Gamma
                        The distribution is approximated using 4 categories.
                        Shape parameter is exponentially
                        distributed with parameter (1.00).

         Settings for partition 7 --
            Datatype  = Protein
            Aamodel   = Jones
                        Substitution rates are fixed to the Jones rates
            Covarion  = No
            # States  = 20
                        State frequencies are fixed to the Jones frequencies
            Rates     = Gamma
                        The distribution is approximated using 4 categories.
                        Shape parameter is exponentially
                        distributed with parameter (1.00).

         Settings for partition 8 --
            Datatype  = Protein
            Aamodel   = LG
                        Substitution rates are fixed to the LG rates
            Covarion  = No
            # States  = 20
                        State frequencies are fixed to the LG frequencies
            Rates     = Gamma
                        The distribution is approximated using 4 categories.
                        Shape parameter is exponentially
                        distributed with parameter (1.00).

         Settings for partition 9 --
            Datatype  = Protein
            Aamodel   = Jones
                        Substitution rates are fixed to the Jones rates
            Covarion  = No
            # States  = 20
                        State frequencies are fixed to the Jones frequencies
            Rates     = Gamma
                        The distribution is approximated using 4 categories.
                        Shape parameter is exponentially
                        distributed with parameter (1.00).

         Settings for partition 10 --
            Datatype  = Protein
            Aamodel   = LG
                        Substitution rates are fixed to the LG rates
            Covarion  = No
            # States  = 20
                        State frequencies are fixed to the LG frequencies
            Rates     = Gamma
                        The distribution is approximated using 4 categories.
                        Shape parameter is exponentially
                        distributed with parameter (1.00).

         Settings for partition 11 --
            Datatype  = Protein
            Aamodel   = LG
                        Substitution rates are fixed to the LG rates
            Covarion  = No
            # States  = 20
                        State frequencies are fixed to the LG frequencies
            Rates     = Gamma
                        The distribution is approximated using 4 categories.
                        Shape parameter is exponentially
                        distributed with parameter (1.00).

         Settings for partition 12 --
            Datatype  = Protein
            Aamodel   = LG
                        Substitution rates are fixed to the LG rates
            Covarion  = No
            # States  = 20
                        State frequencies are fixed to the LG frequencies
            Rates     = Gamma
                        The distribution is approximated using 4 categories.
                        Shape parameter is exponentially
                        distributed with parameter (1.00).

         Settings for partition 13 --
            Datatype  = Protein
            Aamodel   = LG
                        Substitution rates are fixed to the LG rates
            Covarion  = No
            # States  = 20
                        State frequencies are fixed to the LG frequencies
            Rates     = Gamma
                        The distribution is approximated using 4 categories.
                        Shape parameter is exponentially
                        distributed with parameter (1.00).

         Settings for partition 14 --
            Datatype  = Protein
            Aamodel   = LG
                        Substitution rates are fixed to the LG rates
            Covarion  = No
            # States  = 20
                        State frequencies are fixed to the LG frequencies
            Rates     = Gamma
                        The distribution is approximated using 4 categories.
                        Shape parameter is exponentially
                        distributed with parameter (1.00).

         Settings for partition 15 --
            Datatype  = Protein
            Aamodel   = LG
                        Substitution rates are fixed to the LG rates
            Covarion  = No
            # States  = 20
                        State frequencies are fixed to the LG frequencies
            Rates     = Gamma
                        The distribution is approximated using 4 categories.
                        Shape parameter is exponentially
                        distributed with parameter (1.00).

         Settings for partition 16 --
            Datatype  = Protein
            Aamodel   = LG
                        Substitution rates are fixed to the LG rates
            Covarion  = No
            # States  = 20
                        State frequencies are fixed to the LG frequencies
            Rates     = Gamma
                        The distribution is approximated using 4 categories.
                        Shape parameter is exponentially
                        distributed with parameter (1.00).

         Settings for partition 17 --
            Datatype  = Protein
            Aamodel   = LG
                        Substitution rates are fixed to the LG rates
            Covarion  = No
            # States  = 20
                        State frequencies are fixed to the LG frequencies
            Rates     = Gamma
                        The distribution is approximated using 4 categories.
                        Shape parameter is exponentially
                        distributed with parameter (1.00).

         Settings for partition 18 --
            Datatype  = Protein
            Aamodel   = Jones
                        Substitution rates are fixed to the Jones rates
            Covarion  = No
            # States  = 20
                        State frequencies are fixed to the Jones frequencies
            Rates     = Gamma
                        The distribution is approximated using 4 categories.
                        Shape parameter is exponentially
                        distributed with parameter (1.00).

         Settings for partition 19 --
            Datatype  = Protein
            Aamodel   = LG
                        Substitution rates are fixed to the LG rates
            Covarion  = No
            # States  = 20
                        State frequencies are fixed to the LG frequencies
            Rates     = Gamma
                        The distribution is approximated using 4 categories.
                        Shape parameter is exponentially
                        distributed with parameter (1.00).

         Settings for partition 20 --
            Datatype  = Protein
            Aamodel   = LG
                        Substitution rates are fixed to the LG rates
            Covarion  = No
            # States  = 20
                        State frequencies are fixed to the LG frequencies
            Rates     = Gamma
                        The distribution is approximated using 4 categories.
                        Shape parameter is exponentially
                        distributed with parameter (1.00).

         Settings for partition 21 --
            Datatype  = Protein
            Aamodel   = Jones
                        Substitution rates are fixed to the Jones rates
            Covarion  = No
            # States  = 20
                        State frequencies are fixed to the Jones frequencies
            Rates     = Gamma
                        The distribution is approximated using 4 categories.
                        Shape parameter is exponentially
                        distributed with parameter (1.00).

         Settings for partition 22 --
            Datatype  = Protein
            Aamodel   = LG
                        Substitution rates are fixed to the LG rates
            Covarion  = No
            # States  = 20
                        State frequencies are fixed to the LG frequencies
            Rates     = Gamma
                        The distribution is approximated using 4 categories.
                        Shape parameter is exponentially
                        distributed with parameter (1.00).

         Settings for partition 23 --
            Datatype  = Protein
            Aamodel   = Jones
                        Substitution rates are fixed to the Jones rates
            Covarion  = No
            # States  = 20
                        State frequencies are fixed to the Jones frequencies
            Rates     = Gamma
                        The distribution is approximated using 4 categories.
                        Shape parameter is exponentially
                        distributed with parameter (1.00).

         Settings for partition 24 --
            Datatype  = Protein
            Aamodel   = Jones
                        Substitution rates are fixed to the Jones rates
            Covarion  = No
            # States  = 20
                        State frequencies are fixed to the Jones frequencies
            Rates     = Gamma
                        The distribution is approximated using 4 categories.
                        Shape parameter is exponentially
                        distributed with parameter (1.00).

         Settings for partition 25 --
            Datatype  = Protein
            Aamodel   = Jones
                        Substitution rates are fixed to the Jones rates
            Covarion  = No
            # States  = 20
                        State frequencies are fixed to the Jones frequencies
            Rates     = Gamma
                        The distribution is approximated using 4 categories.
                        Shape parameter is exponentially
                        distributed with parameter (1.00).

         Settings for partition 26 --
            Datatype  = Protein
            Aamodel   = LG
                        Substitution rates are fixed to the LG rates
            Covarion  = No
            # States  = 20
                        State frequencies are fixed to the LG frequencies
            Rates     = Gamma
                        The distribution is approximated using 4 categories.
                        Shape parameter is exponentially
                        distributed with parameter (1.00).

         Settings for partition 27 --
            Datatype  = Protein
            Aamodel   = LG
                        Substitution rates are fixed to the LG rates
            Covarion  = No
            # States  = 20
                        State frequencies are fixed to the LG frequencies
            Rates     = Gamma
                        The distribution is approximated using 4 categories.
                        Shape parameter is exponentially
                        distributed with parameter (1.00).

         Settings for partition 28 --
            Datatype  = Protein
            Aamodel   = Jones
                        Substitution rates are fixed to the Jones rates
            Covarion  = No
            # States  = 20
                        State frequencies are fixed to the Jones frequencies
            Rates     = Gamma
                        The distribution is approximated using 4 categories.
                        Shape parameter is exponentially
                        distributed with parameter (1.00).

         Settings for partition 29 --
            Datatype  = Protein
            Aamodel   = Jones
                        Substitution rates are fixed to the Jones rates
            Covarion  = No
            # States  = 20
                        State frequencies are fixed to the Jones frequencies
            Rates     = Gamma
                        The distribution is approximated using 4 categories.
                        Shape parameter is exponentially
                        distributed with parameter (1.00).

         Settings for partition 30 --
            Datatype  = Protein
            Aamodel   = LG
                        Substitution rates are fixed to the LG rates
            Covarion  = No
            # States  = 20
                        State frequencies are fixed to the LG frequencies
            Rates     = Gamma
                        The distribution is approximated using 4 categories.
                        Shape parameter is exponentially
                        distributed with parameter (1.00).

         Settings for partition 31 --
            Datatype  = Protein
            Aamodel   = Jones
                        Substitution rates are fixed to the Jones rates
            Covarion  = No
            # States  = 20
                        State frequencies are fixed to the Jones frequencies
            Rates     = Gamma
                        The distribution is approximated using 4 categories.
                        Shape parameter is exponentially
                        distributed with parameter (1.00).

         Settings for partition 32 --
            Datatype  = Protein
            Aamodel   = LG
                        Substitution rates are fixed to the LG rates
            Covarion  = No
            # States  = 20
                        State frequencies are fixed to the LG frequencies
            Rates     = Gamma
                        The distribution is approximated using 4 categories.
                        Shape parameter is exponentially
                        distributed with parameter (1.00).

         Settings for partition 33 --
            Datatype  = Protein
            Aamodel   = Jones
                        Substitution rates are fixed to the Jones rates
            Covarion  = No
            # States  = 20
                        State frequencies are fixed to the Jones frequencies
            Rates     = Gamma
                        The distribution is approximated using 4 categories.
                        Shape parameter is exponentially
                        distributed with parameter (1.00).

         Settings for partition 34 --
            Datatype  = Protein
            Aamodel   = Jones
                        Substitution rates are fixed to the Jones rates
            Covarion  = No
            # States  = 20
                        State frequencies are fixed to the Jones frequencies
            Rates     = Gamma
                        The distribution is approximated using 4 categories.
                        Shape parameter is exponentially
                        distributed with parameter (1.00).

         Settings for partition 35 --
            Datatype  = Protein
            Aamodel   = Jones
                        Substitution rates are fixed to the Jones rates
            Covarion  = No
            # States  = 20
                        State frequencies are fixed to the Jones frequencies
            Rates     = Gamma
                        The distribution is approximated using 4 categories.
                        Shape parameter is exponentially
                        distributed with parameter (1.00).

         Settings for partition 36 --
            Datatype  = Protein
            Aamodel   = LG
                        Substitution rates are fixed to the LG rates
            Covarion  = No
            # States  = 20
                        State frequencies are fixed to the LG frequencies
            Rates     = Gamma
                        The distribution is approximated using 4 categories.
                        Shape parameter is exponentially
                        distributed with parameter (1.00).

         Settings for partition 37 --
            Datatype  = Protein
            Aamodel   = Jones
                        Substitution rates are fixed to the Jones rates
            Covarion  = No
            # States  = 20
                        State frequencies are fixed to the Jones frequencies
            Rates     = Gamma
                        The distribution is approximated using 4 categories.
                        Shape parameter is exponentially
                        distributed with parameter (1.00).

         Settings for partition 38 --
            Datatype  = Protein
            Aamodel   = LG
                        Substitution rates are fixed to the LG rates
            Covarion  = No
            # States  = 20
                        State frequencies are fixed to the LG frequencies
            Rates     = Gamma
                        The distribution is approximated using 4 categories.
                        Shape parameter is exponentially
                        distributed with parameter (1.00).

         Settings for partition 39 --
            Datatype  = Protein
            Aamodel   = LG
                        Substitution rates are fixed to the LG rates
            Covarion  = No
            # States  = 20
                        State frequencies are fixed to the LG frequencies
            Rates     = Gamma
                        The distribution is approximated using 4 categories.
                        Shape parameter is exponentially
                        distributed with parameter (1.00).

         Settings for partition 40 --
            Datatype  = Protein
            Aamodel   = LG
                        Substitution rates are fixed to the LG rates
            Covarion  = No
            # States  = 20
                        State frequencies are fixed to the LG frequencies
            Rates     = Gamma
                        The distribution is approximated using 4 categories.
                        Shape parameter is exponentially
                        distributed with parameter (1.00).

      Active parameters: 

                             Partition(s)
         Parameters          1  2  3  4  5  6  7  8  9 10 11 12 13 14 15 16 17 18 19 20 21 22 23 24 25 26 27 28 29 30 31 32 33 34 35 36 37 38 39 40
         ------------------------------------------------------------------------------------------------------------------------------------------
         Statefreq           1  1  2  2  3  1  2  1  2  1  1  1  1  1  1  1  1  2  1  1  2  1  2  2  2  1  1  2  2  1  2  1  2  2  2  1  2  1  1  1
         Shape               4  4  4  4  4  4  4  4  4  4  4  4  4  4  4  4  4  4  4  4  4  4  4  4  4  4  4  4  4  4  4  4  4  4  4  4  4  4  4  4
         Ratemultiplier      5  5  5  5  5  5  5  5  5  5  5  5  5  5  5  5  5  5  5  5  5  5  5  5  5  5  5  5  5  5  5  5  5  5  5  5  5  5  5  5
         Topology            6  6  6  6  6  6  6  6  6  6  6  6  6  6  6  6  6  6  6  6  6  6  6  6  6  6  6  6  6  6  6  6  6  6  6  6  6  6  6  6
         Brlens              7  7  7  7  7  7  7  7  7  7  7  7  7  7  7  7  7  7  7  7  7  7  7  7  7  7  7  7  7  7  7  7  7  7  7  7  7  7  7  7
         ------------------------------------------------------------------------------------------------------------------------------------------

         Parameters can be linked or unlinked across partitions using 'link' and 'unlink'

         1 --  Parameter  = Pi{1,2,6,8,10,11,12,13,14,15,16,17,19,20,22,26,27,30,32,36,38,39,40}
               Type       = Stationary state frequencies
               Prior      = Fixed (LG frequencies)
               Partitions = 1, 2, 6, 8, 10, 11, 12, 13, 14, 15, 16, 17, 19, 20, 22, 26, 27, 30, 32, 36, 38, 39, and 40

         2 --  Parameter  = Pi{3,4,7,9,18,21,23,24,25,28,29,31,33,34,35,37}
               Type       = Stationary state frequencies
               Prior      = Fixed (Jones frequencies)
               Partitions = 3, 4, 7, 9, 18, 21, 23, 24, 25, 28, 29, 31, 33, 34, 35, and 37

         3 --  Parameter  = Pi{5}
               Type       = Stationary state frequencies
               Prior      = Fixed (Dayhoff frequencies)
               Partition  = 5

         4 --  Parameter  = Alpha{all}
               Type       = Shape of scaled gamma distribution of site rates
               Prior      = Exponential(1.00)
               Partitions = All

         5 --  Parameter  = Ratemultiplier{all}
               Type       = Partition-specific rate multiplier
               Prior      = Fixed(1.0)
               Partitions = All

         6 --  Parameter  = Tau{all}
               Type       = Topology
               Prior      = All topologies equally probable a priori
               Partitions = All
               Subparam.  = V{all}

         7 --  Parameter  = V{all}
               Type       = Branch lengths
               Prior      = Unconstrained:GammaDir(1.0,0.1000,1.0,1.0)
               Partitions = All


      Number of chains per MPI processor = 16

      The MCMC sampler will use the following moves:
         With prob.  Chain will use move
            1.96 %   Multiplier(Alpha{all})
            9.80 %   ExtSPR(Tau{all},V{all})
            9.80 %   ExtTBR(Tau{all},V{all})
            9.80 %   NNI(Tau{all},V{all})
            9.80 %   ParsSPR(Tau{all},V{all})
           39.22 %   Multiplier(V{all})
           13.73 %   Nodeslider(V{all})
            5.88 %   TLMultiplier(V{all})

      Division 1 has 310 unique site patterns
      Division 2 has 364 unique site patterns
      Division 3 has 277 unique site patterns
      Division 4 has 177 unique site patterns
      Division 5 has 288 unique site patterns
      Division 6 has 244 unique site patterns
      Division 7 has 127 unique site patterns
      Division 8 has 163 unique site patterns
      Division 9 has 315 unique site patterns
      Division 10 has 249 unique site patterns
      Division 11 has 134 unique site patterns
      Division 12 has 213 unique site patterns
      Division 13 has 113 unique site patterns
      Division 14 has 191 unique site patterns
      Division 15 has 110 unique site patterns
      Division 16 has 87 unique site patterns
      Division 17 has 148 unique site patterns
      Division 18 has 172 unique site patterns
      Division 19 has 379 unique site patterns
      Division 20 has 518 unique site patterns
      Division 21 has 186 unique site patterns
      Division 22 has 241 unique site patterns
      Division 23 has 462 unique site patterns
      Division 24 has 197 unique site patterns
      Division 25 has 338 unique site patterns
      Division 26 has 174 unique site patterns
      Division 27 has 247 unique site patterns
      Division 28 has 257 unique site patterns
      Division 29 has 213 unique site patterns
      Division 30 has 247 unique site patterns
      Division 31 has 167 unique site patterns
      Division 32 has 109 unique site patterns
      Division 33 has 237 unique site patterns
      Division 34 has 348 unique site patterns
      Division 35 has 135 unique site patterns
      Division 36 has 168 unique site patterns
      Division 37 has 163 unique site patterns
      Division 38 has 644 unique site patterns
      Division 39 has 391 unique site patterns
      Division 40 has 114 unique site patterns
      Initializing conditional likelihoods

      Using BEAGLE v3.1.2 resource 1 for 40 divisions:
         Rsrc Name : Tesla V100-PCIE-16GB
         Impl Name : CUDA-Single
         Flags: PROCESSOR_GPU PRECISION_SINGLE COMPUTATION_SYNCH EIGEN_REAL
                SCALING_MANUAL SCALERS_RAW VECTOR_NONE THREADING_NONE         MODEL STATES: 20
      Resetting starting trees and tree parameters

      Initial log likelihoods and log prior probs for run 1:
---------------------------------------
Begin Slurm Epilog: Apr-19-2024 22:13:00
Job ID:        601078
Array Job ID:  _4294967294
User ID:       akim466
Account:       coc
Job name:      algae_gpu_1
Resources:     cpu=24,gres/gpu:v100=2,mem=376808M,node=1
Rsrc Used:     cput=00:01:12,vmem=512K,walltime=00:00:03,mem=0,energy_used=0
Partition:     coc-gpu
Nodes:         atl1-1-02-010-33-0
---------------------------------------
